<?xml version="1.0" encoding="UTF-8"?>
<testsuite name="Test" tests="1" skipped="0" failures="0" errors="0" timestamp="2021-05-29T21:32:21" hostname="NOTELENOVO" time="0.017">
  <properties/>
  <testcase name="checkIfPositive()" classname="Test" time="0.017"/>
  <system-out><![CDATA[]]></system-out>
  <system-err><![CDATA[]]></system-err>
</testsuite>
